<?xml version="1.0" encoding="UTF-8"?>
<testsuite xmlns:xsi="http://www.w3.org/2001/XMLSchema-instance" xsi:noNamespaceSchemaLocation="https://maven.apache.org/surefire/maven-surefire-plugin/xsd/surefire-test-report-3.0.xsd" version="3.0" name="com.moneytransfer.domain.AccountTest" time="0.192" tests="6" errors="0" skipped="0" failures="0">
  <properties>
[...]
</properties>
  <testcase name="testDebit_Success" classname="com.moneytransfer.domain.AccountTest" time="0.11"/>
  <testcase name="testDebit_InsufficientBalance" classname="com.moneytransfer.domain.AccountTest" time="0.007"/>
  <testcase name="testCredit_AccountClosed" classname="com.moneytransfer.domain.AccountTest" time="0.004"/>
  <testcase name="testIsActive" classname="com.moneytransfer.domain.AccountTest" time="0.004"/>
  <testcase name="testCredit_Success" classname="com.moneytransfer.domain.AccountTest" time="0.002"/>
  <testcase name="testDebit_AccountLocked" classname="com.moneytransfer.domain.AccountTest" time="0.003"/>
</testsuite>